Connecting to database specified by database.yml
Migrating to CreateProducts (20120802055233)
Migrating to CreateCarts (20120907083315)
Migrating to CreateLineItems (20120907084613)
Migrating to AddQuantityToLineItems (20120910053423)
Migrating to CombineItemsInCart (20120910055034)
Migrating to CreateOrders (20120914112825)
Migrating to AddOrderIdToLineItem (20120914112923)
Migrating to CreateUsers (20121001075641)
Connecting to database specified by database.yml


Started GET "/" for 127.0.0.1 at 2012-10-11 13:57:03 +0600
Processing by StoreController#index as HTML
  Rendered store/index.html.erb within layouts/application (7.6ms)
Completed 500 Internal Server Error in 113ms

ActionView::Template::Error (application.css isn't precompiled):
    2: <html>
    3:   <head>
    4:     <title>Pragprog Books Online Store</title>
    5:     <%= stylesheet_link_tag    "application", :media => "all" %>
    6:     <%= javascript_include_tag "application" %>
    7:     <%= csrf_meta_tags %>
    8:   </head>
  app/views/layouts/application.html.erb:5:in `_app_views_layouts_application_html_erb___795698071_74741410'


